<?xml version="1.0" encoding="UTF-8"?>
<!-- Generated by org.testng.reporters.JUnitReportReporter -->
<testsuite hostname="LAPTOP-LVSE2N71" failures="0" tests="1" name="mavenforjenkins.UITest" time="10.334" errors="0" timestamp="2022-07-11T11:30:12 IST" skipped="0">
  <testcase classname="mavenforjenkins.UITest" name="startBrowser" time="10.334"/>
  <system-out/>
</testsuite> <!-- mavenforjenkins.UITest -->
